#
# There is insufficient memory for the Java Runtime Environment to continue.
# Native memory allocation (malloc) failed to allocate 1048576 bytes. Error detail: AllocateHeap
# Possible reasons:
#   The system is out of physical RAM or swap space
#   This process is running with CompressedOops enabled, and the Java Heap may be blocking the growth of the native heap
# Possible solutions:
#   Reduce memory load on the system
#   Increase physical memory or swap space
#   Check if swap backing store is full
#   Decrease Java heap size (-Xmx/-Xms)
#   Decrease number of Java threads
#   Decrease Java thread stack sizes (-Xss)
#   Set larger code cache with -XX:ReservedCodeCacheSize=
#   JVM is running with Unscaled Compressed Oops mode in which the Java heap is
#     placed in the first 4GB address space. The Java Heap base address is the
#     maximum limit for the native heap growth. Please use -XX:HeapBaseMinAddress
#     to set the Java Heap base and to place the Java Heap above 4GB virtual address.
# This output file may be truncated or incomplete.
#
#  Out of Memory Error (allocation.cpp:44), pid=21060, tid=27660
#
# JRE version:  (21.0.5) (build )
# Java VM: OpenJDK 64-Bit Server VM (21.0.5+-13047016-b750.29, mixed mode, sharing, tiered, compressed oops, compressed class ptrs, g1 gc, windows-amd64)
# No core dump will be written. Minidumps are not enabled by default on client versions of Windows
#

---------------  S U M M A R Y ------------

Command Line: 

Host: AMD Athlon Silver 3050U with Radeon Graphics   , 2 cores, 3G,  Windows 11 , 64 bit Build 22621 (10.0.22621.5262)
Time: Wed Jul 16 21:25:06 2025 SE Asia Standard Time elapsed time: 0.017583 seconds (0d 0h 0m 0s)

---------------  T H R E A D  ---------------

Current thread (0x00000172362bf3c0):  JavaThread "Unknown thread" [_thread_in_vm, id=27660, stack(0x0000007115300000,0x0000007115400000) (1024K)]

Stack: [0x0000007115300000,0x0000007115400000]
Native frames: (J=compiled Java code, j=interpreted, Vv=VM code, C=native code)
V  [jvm.dll+0x6cfb29]
V  [jvm.dll+0x85df93]
V  [jvm.dll+0x8604ee]
V  [jvm.dll+0x860bd3]
V  [jvm.dll+0x27e6b6]
V  [jvm.dll+0xba6e7]
V  [jvm.dll+0x32ffe5]
V  [jvm.dll+0x3285f1]
V  [jvm.dll+0x8259d9]
V  [jvm.dll+0x3bbfa8]
V  [jvm.dll+0x80ec88]
V  [jvm.dll+0x45015e]
V  [jvm.dll+0x4518c1]
C  [jli.dll+0x52ab]
C  [ucrtbase.dll+0x29333]
C  [KERNEL32.DLL+0x1259d]
C  [ntdll.dll+0x5af58]


---------------  P R O C E S S  ---------------

Threads class SMR info:
_java_thread_list=0x00007ffcc5a30808, length=0, elements={
}

Java Threads: ( => current thread )
Total: 0

Other Threads:
  0x00000172362ea780 WorkerThread "GC Thread#0"                     [id=24276, stack(0x0000007115400000,0x0000007115500000) (1024K)]

[error occurred during error reporting (printing all threads), id 0xc0000005, EXCEPTION_ACCESS_VIOLATION (0xc0000005) at pc=0x00007ffcc5224b10]
VM state: not at safepoint (not fully initialized)

VM Mutex/Monitor currently owned by a thread:  ([mutex/lock_event])
[0x00007ffcc5a9d460] Heap_lock - owner thread: 0x00000172362bf3c0

Heap address: 0x00000000c9400000, size: 876 MB, Compressed Oops mode: 32-bit

CDS archive(s) mapped at: [0x0000000000000000-0x0000000000000000-0x0000000000000000), size 0, SharedBaseAddress: 0x0000000800000000, ArchiveRelocationMode: 1.
Narrow klass base: 0x0000000000000000, Narrow klass shift: 0, Narrow klass range: 0x0

GC Precious Log:
 CardTable entry size: 512
 Card Set container configuration: InlinePtr #cards 5 size 8 Array Of Cards #cards 12 size 40 Howl #buckets 4 coarsen threshold 1843 Howl Bitmap #cards 512 size 80 coarsen threshold 460 Card regions per heap region 1 cards per card region 2048

Heap:
 garbage-first heap   total 0K, used 0K [0x00000000c9400000, 0x0000000100000000)
  region size 1024K, 0 young (0K), 0 survivors (0K)
 Metaspace       used 0K, committed 0K, reserved 0K
  class space    used 0K, committed 0K, reserved 0K

Heap Regions: E=young(eden), S=young(survivor), O=old, HS=humongous(starts), HC=humongous(continues), CS=collection set, F=free, TAMS=top-at-mark-start, PB=parsable bottom

Card table byte_map: [0x0000017236070000,0x0000017236230000] _byte_map_base: 0x0000017235a26000

GC Heap History (0 events):
No events

Dll operation events (1 events):
Event: 0.011 Loaded shared library C:\Program Files\Android\Android Studio\jbr\bin\java.dll

Deoptimization events (0 events):
No events

Classes loaded (0 events):
No events

Classes unloaded (0 events):
No events

Classes redefined (0 events):
No events

Internal exceptions (0 events):
No events

ZGC Phase Switch (0 events):
No events

VM Operations (0 events):
No events

Memory protections (0 events):
No events

Nmethod flushes (0 events):
No events

Events (0 events):
No events


Dynamic libraries:
0x00007ff7a6c30000 - 0x00007ff7a6c3a000 	C:\Program Files\Android\Android Studio\jbr\bin\java.EXE
0x00007ffd1cb50000 - 0x00007ffd1cd67000 	C:\WINDOWS\SYSTEM32\ntdll.dll
0x00007ffd1b670000 - 0x00007ffd1b734000 	C:\WINDOWS\System32\KERNEL32.DLL
0x00007ffd1a380000 - 0x00007ffd1a753000 	C:\WINDOWS\System32\KERNELBASE.dll
0x00007ffd1a130000 - 0x00007ffd1a241000 	C:\WINDOWS\System32\ucrtbase.dll
0x00007ffd038a0000 - 0x00007ffd038b8000 	C:\Program Files\Android\Android Studio\jbr\bin\jli.dll
0x00007ffd1b940000 - 0x00007ffd1baf1000 	C:\WINDOWS\System32\USER32.dll
0x00007ffd19f90000 - 0x00007ffd19fb6000 	C:\WINDOWS\System32\win32u.dll
0x00007ffd1bf80000 - 0x00007ffd1bfa9000 	C:\WINDOWS\System32\GDI32.dll
0x00007ffd1a250000 - 0x00007ffd1a372000 	C:\WINDOWS\System32\gdi32full.dll
0x00007ffd19cf0000 - 0x00007ffd19d8a000 	C:\WINDOWS\System32\msvcp_win.dll
0x00007ffd025f0000 - 0x00007ffd0260b000 	C:\Program Files\Android\Android Studio\jbr\bin\VCRUNTIME140.dll
0x00007ffd01cd0000 - 0x00007ffd01f6b000 	C:\WINDOWS\WinSxS\amd64_microsoft.windows.common-controls_6595b64144ccf1df_6.0.22621.5262_none_2712bde373830908\COMCTL32.dll
0x00007ffd1b590000 - 0x00007ffd1b637000 	C:\WINDOWS\System32\msvcrt.dll
0x00007ffd1b310000 - 0x00007ffd1b341000 	C:\WINDOWS\System32\IMM32.DLL
0x00007ffd10230000 - 0x00007ffd1023c000 	C:\Program Files\Android\Android Studio\jbr\bin\vcruntime140_1.dll
0x00007ffcee290000 - 0x00007ffcee31d000 	C:\Program Files\Android\Android Studio\jbr\bin\msvcp140.dll
0x00007ffcc4ef0000 - 0x00007ffcc5b7a000 	C:\Program Files\Android\Android Studio\jbr\bin\server\jvm.dll
0x00007ffd1ca40000 - 0x00007ffd1caf1000 	C:\WINDOWS\System32\ADVAPI32.dll
0x00007ffd1a940000 - 0x00007ffd1a9e7000 	C:\WINDOWS\System32\sechost.dll
0x00007ffd19c40000 - 0x00007ffd19c68000 	C:\WINDOWS\System32\bcrypt.dll
0x00007ffd1be60000 - 0x00007ffd1bf74000 	C:\WINDOWS\System32\RPCRT4.dll
0x00007ffd1b8c0000 - 0x00007ffd1b931000 	C:\WINDOWS\System32\WS2_32.dll
0x00007ffd19b10000 - 0x00007ffd19b5d000 	C:\WINDOWS\SYSTEM32\POWRPROF.dll
0x00007ffd140d0000 - 0x00007ffd14104000 	C:\WINDOWS\SYSTEM32\WINMM.dll
0x00007ffd11cb0000 - 0x00007ffd11cba000 	C:\WINDOWS\SYSTEM32\VERSION.dll
0x00007ffd19af0000 - 0x00007ffd19b03000 	C:\WINDOWS\SYSTEM32\UMPDC.dll
0x00007ffd18c80000 - 0x00007ffd18c98000 	C:\WINDOWS\SYSTEM32\kernel.appcore.dll
0x00007ffd07550000 - 0x00007ffd0755a000 	C:\Program Files\Android\Android Studio\jbr\bin\jimage.dll
0x00007ffd11390000 - 0x00007ffd115c2000 	C:\WINDOWS\SYSTEM32\DBGHELP.DLL
0x00007ffd1aa70000 - 0x00007ffd1ae03000 	C:\WINDOWS\System32\combase.dll
0x00007ffd1c8b0000 - 0x00007ffd1c987000 	C:\WINDOWS\System32\OLEAUT32.dll
0x00007ffd00ff0000 - 0x00007ffd01022000 	C:\WINDOWS\SYSTEM32\dbgcore.DLL
0x00007ffd1a760000 - 0x00007ffd1a7db000 	C:\WINDOWS\System32\bcryptPrimitives.dll
0x00007ffd025d0000 - 0x00007ffd025f0000 	C:\Program Files\Android\Android Studio\jbr\bin\java.dll

dbghelp: loaded successfully - version: 4.0.5 - missing functions: none
symbol engine: initialized successfully - sym options: 0x614 - pdb path: .;C:\Program Files\Android\Android Studio\jbr\bin;C:\WINDOWS\SYSTEM32;C:\WINDOWS\WinSxS\amd64_microsoft.windows.common-controls_6595b64144ccf1df_6.0.22621.5262_none_2712bde373830908;C:\Program Files\Android\Android Studio\jbr\bin\server

VM Arguments:
java_command: <unknown>
java_class_path (initial): <not set>
Launcher Type: SUN_STANDARD

[Global flags]
     intx CICompilerCount                          = 2                                         {product} {ergonomic}
     uint ConcGCThreads                            = 1                                         {product} {ergonomic}
     uint G1ConcRefinementThreads                  = 2                                         {product} {ergonomic}
   size_t G1HeapRegionSize                         = 1048576                                   {product} {ergonomic}
    uintx GCDrainStackTargetSize                   = 64                                        {product} {ergonomic}
   size_t InitialHeapSize                          = 58720256                                  {product} {ergonomic}
   size_t MarkStackSize                            = 4194304                                   {product} {ergonomic}
   size_t MaxHeapSize                              = 918552576                                 {product} {ergonomic}
   size_t MinHeapDeltaBytes                        = 1048576                                   {product} {ergonomic}
   size_t MinHeapSize                              = 8388608                                   {product} {ergonomic}
    uintx NonNMethodCodeHeapSize                   = 5826188                                {pd product} {ergonomic}
    uintx NonProfiledCodeHeapSize                  = 122916026                              {pd product} {ergonomic}
    uintx ProfiledCodeHeapSize                     = 122916026                              {pd product} {ergonomic}
    uintx ReservedCodeCacheSize                    = 251658240                              {pd product} {ergonomic}
     bool SegmentedCodeCache                       = true                                      {product} {ergonomic}
   size_t SoftMaxHeapSize                          = 918552576                              {manageable} {ergonomic}
     bool UseCompressedOops                        = true                           {product lp64_product} {ergonomic}
     bool UseG1GC                                  = true                                      {product} {ergonomic}
     bool UseLargePagesIndividualAllocation        = false                                  {pd product} {ergonomic}

Logging:
Log output configuration:
 #0: stdout all=warning uptime,level,tags foldmultilines=false
 #1: stderr all=off uptime,level,tags foldmultilines=false

Environment Variables:
PATH=C:\Program Files\Common Files\Oracle\Java\javapath;C:\WINDOWS\system32;C:\WINDOWS;C:\WINDOWS\System32\Wbem;C:\WINDOWS\System32\WindowsPowerShell\v1.0\;C:\WINDOWS\System32\OpenSSH\;C:\Program Files\Microsoft\Web Platform Installer\;C:\Program Files (x86)\Microsoft ASP.NET\ASP.NET Web Pages\v1.0\;C:\Program Files\Microsoft SQL Server\110\Tools\Binn\;C:\Users\HP\Documents\conda;C:\Users\HP\Documents\conda\Scripts;C:\Users\HP\Documents\conda\Library\bin;C:\Program Files\nodejs\;C:\src\flutter\flutter\bin;C:\Program Files\Microsoft SQL Server\150\Tools\Binn\;C:\Program Files\MySQL\MySQL Server 8.0\bin;C:\xampp\php;C:\ProgramData\ComposerSetup\bin;C:\Program Files (x86)\Windows Kits\10\Windows Performance Toolkit\;C:\Users\HP\AppData\Local\Programs\Python\Python312\Scripts\;C:\Users\HP\AppData\Local\Programs\Python\Python312\;C:\Users\HP\AppData\Local\Programs\Python\Launcher\;C:\Users\HP\AppData\Local\Microsoft\WindowsApps;;C:\Users\HP\AppData\Local\Programs\Microsoft VS Code\bin;C:\Users\HP\AppData\Roaming\npm;C:\Users\HP\AppData\Roaming\Composer\vendor\bin;C:\src\flutter\flutter\bin\mingit\cmd;C:\src\flutter\flutter\bin\mingit\cmd
USERNAME=HP
OS=Windows_NT
PROCESSOR_IDENTIFIER=AMD64 Family 23 Model 24 Stepping 1, AuthenticAMD
TMP=C:\Users\HP\AppData\Local\Temp
TEMP=C:\Users\HP\AppData\Local\Temp




Periodic native trim disabled

JNI global refs:
JNI global refs: 0, weak refs: 0

JNI global refs memory usage: 0, weak refs: 0

Process memory usage:
Resident Set Size: 10868K (0% of 3583736K total physical memory with 312080K free physical memory)

OOME stack traces (most recent first):
Classloader memory used:

---------------  S Y S T E M  ---------------

OS:
 Windows 11 , 64 bit Build 22621 (10.0.22621.5262)
OS uptime: 9 days 1:03 hours

CPU: total 2 (initial active 2) (2 cores per cpu, 1 threads per core) family 23 model 24 stepping 1 microcode 0x0, cx8, cmov, fxsr, mmx, 3dnowpref, sse, sse2, sse3, ssse3, sse4a, sse4.1, sse4.2, popcnt, lzcnt, tsc, tscinvbit, avx, avx2, aes, clmul, bmi1, bmi2, adx, sha, fma, vzeroupper, clflush, clflushopt, rdtscp, f16c
Processor Information for all 2 processors :
  Max Mhz: 2300, Current Mhz: 2300, Mhz Limit: 2300

Memory: 4k page, system-wide physical 3499M (304M free)
TotalPageFile size 14251M (AvailPageFile size 2M)
current process WorkingSet (physical memory assigned to process): 10M, peak: 10M
current process commit charge ("private bytes"): 45M, peak: 46M

vm_info: OpenJDK 64-Bit Server VM (21.0.5+-13047016-b750.29) for windows-amd64 JRE (21.0.5+-13047016-b750.29), built on 2025-02-11T21:12:39Z by "builder" with MS VC++ 16.10 / 16.11 (VS2019)

END.
