#
# There is insufficient memory for the Java Runtime Environment to continue.
# Native memory allocation (mmap) failed to map 58720256 bytes. Error detail: G1 virtual space
# Possible reasons:
#   The system is out of physical RAM or swap space
#   This process is running with CompressedOops enabled, and the Java Heap may be blocking the growth of the native heap
# Possible solutions:
#   Reduce memory load on the system
#   Increase physical memory or swap space
#   Check if swap backing store is full
#   Decrease Java heap size (-Xmx/-Xms)
#   Decrease number of Java threads
#   Decrease Java thread stack sizes (-Xss)
#   Set larger code cache with -XX:ReservedCodeCacheSize=
#   JVM is running with Unscaled Compressed Oops mode in which the Java heap is
#     placed in the first 4GB address space. The Java Heap base address is the
#     maximum limit for the native heap growth. Please use -XX:HeapBaseMinAddress
#     to set the Java Heap base and to place the Java Heap above 4GB virtual address.
# This output file may be truncated or incomplete.
#
#  Out of Memory Error (os_windows.cpp:3828), pid=244, tid=16336
#
# JRE version:  (21.0.5) (build )
# Java VM: OpenJDK 64-Bit Server VM (21.0.5+-13047016-b750.29, mixed mode, sharing, tiered, compressed oops, compressed class ptrs, g1 gc, windows-amd64)
# No core dump will be written. Minidumps are not enabled by default on client versions of Windows
#

---------------  S U M M A R Y ------------

Command Line: 

Host: AMD Athlon Silver 3050U with Radeon Graphics   , 2 cores, 3G,  Windows 11 , 64 bit Build 22621 (10.0.22621.5262)
Time: Sun Jul  6 23:42:21 2025 SE Asia Standard Time elapsed time: 0.018864 seconds (0d 0h 0m 0s)

---------------  T H R E A D  ---------------

Current thread (0x000002b2d557cf90):  JavaThread "Unknown thread" [_thread_in_vm, id=16336, stack(0x000000ba52c00000,0x000000ba52d00000) (1024K)]

Stack: [0x000000ba52c00000,0x000000ba52d00000]
Native frames: (J=compiled Java code, j=interpreted, Vv=VM code, C=native code)
V  [jvm.dll+0x6cfb29]
V  [jvm.dll+0x85df93]
V  [jvm.dll+0x8604ee]
V  [jvm.dll+0x860bd3]
V  [jvm.dll+0x27e6b6]
V  [jvm.dll+0x6cc385]
V  [jvm.dll+0x6c078a]
V  [jvm.dll+0x35525b]
V  [jvm.dll+0x35ceb6]
V  [jvm.dll+0x3aedd6]
V  [jvm.dll+0x3af0a8]
V  [jvm.dll+0x32792c]
V  [jvm.dll+0x32861b]
V  [jvm.dll+0x8259d9]
V  [jvm.dll+0x3bbfa8]
V  [jvm.dll+0x80ec88]
V  [jvm.dll+0x45015e]
V  [jvm.dll+0x4518c1]
C  [jli.dll+0x52ab]
C  [ucrtbase.dll+0x29333]
C  [KERNEL32.DLL+0x1259d]
C  [ntdll.dll+0x5af58]


---------------  P R O C E S S  ---------------

Threads class SMR info:
_java_thread_list=0x00007ff888a80808, length=0, elements={
}

Java Threads: ( => current thread )
Total: 0

Other Threads:
  0x000002b2d578f6e0 WorkerThread "GC Thread#0"                     [id=9736, stack(0x000000ba52e00000,0x000000ba52f00000) (1024K)]
  0x000002b2d5797440 ConcurrentGCThread "G1 Main Marker"            [id=24944, stack(0x000000ba52f00000,0x000000ba53000000) (1024K)]
  0x000002b2d57980b0 WorkerThread "G1 Conc#0"                       [id=13292, stack(0x000000ba53000000,0x000000ba53100000) (1024K)]

[error occurred during error reporting (printing all threads), id 0xc0000005, EXCEPTION_ACCESS_VIOLATION (0xc0000005) at pc=0x00007ff88827a967]
VM state: not at safepoint (not fully initialized)

VM Mutex/Monitor currently owned by a thread:  ([mutex/lock_event])
[0x00007ff888aed460] Heap_lock - owner thread: 0x000002b2d557cf90

Heap address: 0x00000000c9400000, size: 876 MB, Compressed Oops mode: 32-bit

CDS archive(s) mapped at: [0x0000000000000000-0x0000000000000000-0x0000000000000000), size 0, SharedBaseAddress: 0x0000000800000000, ArchiveRelocationMode: 1.
Narrow klass base: 0x0000000000000000, Narrow klass shift: 0, Narrow klass range: 0x0

GC Precious Log:
 CardTable entry size: 512
 Card Set container configuration: InlinePtr #cards 5 size 8 Array Of Cards #cards 12 size 40 Howl #buckets 4 coarsen threshold 1843 Howl Bitmap #cards 512 size 80 coarsen threshold 460 Card regions per heap region 1 cards per card region 2048

Heap:
 garbage-first heap   total 0K, used 0K [0x00000000c9400000, 0x0000000100000000)
  region size 1024K, 0 young (0K), 0 survivors (0K)
 Metaspace       used 0K, committed 0K, reserved 0K
  class space    used 0K, committed 0K, reserved 0K

Heap Regions: E=young(eden), S=young(survivor), O=old, HS=humongous(starts), HC=humongous(continues), CS=collection set, F=free, TAMS=top-at-mark-start, PB=parsable bottom

Card table byte_map: [0x000002b2e9630000,0x000002b2e97f0000] _byte_map_base: 0x000002b2e8fe6000

Marking Bits: (CMBitMap*) 0x000002b2d578fde0
 Bits: [0x000002b2e97f0000, 0x000002b2ea5a0000)

GC Heap History (0 events):
No events

Dll operation events (1 events):
Event: 0.014 Loaded shared library C:\Program Files\Android\Android Studio\jbr\bin\java.dll

Deoptimization events (0 events):
No events

Classes loaded (0 events):
No events

Classes unloaded (0 events):
No events

Classes redefined (0 events):
No events

Internal exceptions (0 events):
No events

ZGC Phase Switch (0 events):
No events

VM Operations (0 events):
No events

Memory protections (0 events):
No events

Nmethod flushes (0 events):
No events

Events (0 events):
No events


Dynamic libraries:
0x00007ff7c6e80000 - 0x00007ff7c6e8a000 	C:\Program Files\Android\Android Studio\jbr\bin\java.EXE
0x00007ff907670000 - 0x00007ff907887000 	C:\WINDOWS\SYSTEM32\ntdll.dll
0x00007ff905ed0000 - 0x00007ff905f94000 	C:\WINDOWS\System32\KERNEL32.DLL
0x00007ff904a60000 - 0x00007ff904e33000 	C:\WINDOWS\System32\KERNELBASE.dll
0x00007ff9016a0000 - 0x00007ff901737000 	C:\WINDOWS\SYSTEM32\apphelp.dll
0x00007ff904ff0000 - 0x00007ff905101000 	C:\WINDOWS\System32\ucrtbase.dll
0x00007ff8ee0d0000 - 0x00007ff8ee0e8000 	C:\Program Files\Android\Android Studio\jbr\bin\jli.dll
0x00007ff905b30000 - 0x00007ff905ce1000 	C:\WINDOWS\System32\USER32.dll
0x00007ff904a30000 - 0x00007ff904a56000 	C:\WINDOWS\System32\win32u.dll
0x00007ff9063b0000 - 0x00007ff9063d9000 	C:\WINDOWS\System32\GDI32.dll
0x00007ff904ec0000 - 0x00007ff904fe2000 	C:\WINDOWS\System32\gdi32full.dll
0x00007ff9048d0000 - 0x00007ff90496a000 	C:\WINDOWS\System32\msvcp_win.dll
0x00007ff8ede50000 - 0x00007ff8ede6b000 	C:\Program Files\Android\Android Studio\jbr\bin\VCRUNTIME140.dll
0x00007ff8ed530000 - 0x00007ff8ed7cb000 	C:\WINDOWS\WinSxS\amd64_microsoft.windows.common-controls_6595b64144ccf1df_6.0.22621.5262_none_2712bde373830908\COMCTL32.dll
0x00007ff905750000 - 0x00007ff9057f7000 	C:\WINDOWS\System32\msvcrt.dll
0x00007ff906920000 - 0x00007ff906951000 	C:\WINDOWS\System32\IMM32.DLL
0x00007ff8f1aa0000 - 0x00007ff8f1aac000 	C:\Program Files\Android\Android Studio\jbr\bin\vcruntime140_1.dll
0x00007ff8d9360000 - 0x00007ff8d93ed000 	C:\Program Files\Android\Android Studio\jbr\bin\msvcp140.dll
0x00007ff887f40000 - 0x00007ff888bca000 	C:\Program Files\Android\Android Studio\jbr\bin\server\jvm.dll
0x00007ff9063e0000 - 0x00007ff906491000 	C:\WINDOWS\System32\ADVAPI32.dll
0x00007ff9056a0000 - 0x00007ff905747000 	C:\WINDOWS\System32\sechost.dll
0x00007ff9052d0000 - 0x00007ff9052f8000 	C:\WINDOWS\System32\bcrypt.dll
0x00007ff9059b0000 - 0x00007ff905ac4000 	C:\WINDOWS\System32\RPCRT4.dll
0x00007ff905420000 - 0x00007ff905491000 	C:\WINDOWS\System32\WS2_32.dll
0x00007ff904630000 - 0x00007ff90467d000 	C:\WINDOWS\SYSTEM32\POWRPROF.dll
0x00007ff8feb10000 - 0x00007ff8feb44000 	C:\WINDOWS\SYSTEM32\WINMM.dll
0x00007ff8fb420000 - 0x00007ff8fb42a000 	C:\WINDOWS\SYSTEM32\VERSION.dll
0x00007ff904610000 - 0x00007ff904623000 	C:\WINDOWS\SYSTEM32\UMPDC.dll
0x00007ff9037a0000 - 0x00007ff9037b8000 	C:\WINDOWS\SYSTEM32\kernel.appcore.dll
0x00007ff8f18a0000 - 0x00007ff8f18aa000 	C:\Program Files\Android\Android Studio\jbr\bin\jimage.dll
0x00007ff8fb9e0000 - 0x00007ff8fbc12000 	C:\WINDOWS\SYSTEM32\DBGHELP.DLL
0x00007ff907220000 - 0x00007ff9075b3000 	C:\WINDOWS\System32\combase.dll
0x00007ff9060b0000 - 0x00007ff906187000 	C:\WINDOWS\System32\OLEAUT32.dll
0x00007ff8ec3e0000 - 0x00007ff8ec412000 	C:\WINDOWS\SYSTEM32\dbgcore.DLL
0x00007ff905250000 - 0x00007ff9052cb000 	C:\WINDOWS\System32\bcryptPrimitives.dll
0x00007ff8ede00000 - 0x00007ff8ede20000 	C:\Program Files\Android\Android Studio\jbr\bin\java.dll

dbghelp: loaded successfully - version: 4.0.5 - missing functions: none
symbol engine: initialized successfully - sym options: 0x614 - pdb path: .;C:\Program Files\Android\Android Studio\jbr\bin;C:\WINDOWS\SYSTEM32;C:\WINDOWS\WinSxS\amd64_microsoft.windows.common-controls_6595b64144ccf1df_6.0.22621.5262_none_2712bde373830908;C:\Program Files\Android\Android Studio\jbr\bin\server

VM Arguments:
java_command: <unknown>
java_class_path (initial): <not set>
Launcher Type: SUN_STANDARD

[Global flags]
     intx CICompilerCount                          = 2                                         {product} {ergonomic}
     uint ConcGCThreads                            = 1                                         {product} {ergonomic}
     uint G1ConcRefinementThreads                  = 2                                         {product} {ergonomic}
   size_t G1HeapRegionSize                         = 1048576                                   {product} {ergonomic}
    uintx GCDrainStackTargetSize                   = 64                                        {product} {ergonomic}
   size_t InitialHeapSize                          = 58720256                                  {product} {ergonomic}
   size_t MarkStackSize                            = 4194304                                   {product} {ergonomic}
   size_t MaxHeapSize                              = 918552576                                 {product} {ergonomic}
   size_t MinHeapDeltaBytes                        = 1048576                                   {product} {ergonomic}
   size_t MinHeapSize                              = 8388608                                   {product} {ergonomic}
    uintx NonNMethodCodeHeapSize                   = 5826188                                {pd product} {ergonomic}
    uintx NonProfiledCodeHeapSize                  = 122916026                              {pd product} {ergonomic}
    uintx ProfiledCodeHeapSize                     = 122916026                              {pd product} {ergonomic}
    uintx ReservedCodeCacheSize                    = 251658240                              {pd product} {ergonomic}
     bool SegmentedCodeCache                       = true                                      {product} {ergonomic}
   size_t SoftMaxHeapSize                          = 918552576                              {manageable} {ergonomic}
     bool UseCompressedOops                        = true                           {product lp64_product} {ergonomic}
     bool UseG1GC                                  = true                                      {product} {ergonomic}
     bool UseLargePagesIndividualAllocation        = false                                  {pd product} {ergonomic}

Logging:
Log output configuration:
 #0: stdout all=warning uptime,level,tags foldmultilines=false
 #1: stderr all=off uptime,level,tags foldmultilines=false

Environment Variables:
PATH=C:\Program Files\Common Files\Oracle\Java\javapath;C:\WINDOWS\system32;C:\WINDOWS;C:\WINDOWS\System32\Wbem;C:\WINDOWS\System32\WindowsPowerShell\v1.0\;C:\WINDOWS\System32\OpenSSH\;C:\Program Files\Microsoft\Web Platform Installer\;C:\Program Files (x86)\Microsoft ASP.NET\ASP.NET Web Pages\v1.0\;C:\Program Files\Microsoft SQL Server\110\Tools\Binn\;C:\Users\HP\Documents\conda;C:\Users\HP\Documents\conda\Scripts;C:\Users\HP\Documents\conda\Library\bin;C:\Program Files\nodejs\;C:\src\flutter\flutter\bin;C:\Program Files\Microsoft SQL Server\150\Tools\Binn\;C:\Program Files\MySQL\MySQL Server 8.0\bin;C:\xampp\php;C:\ProgramData\ComposerSetup\bin;C:\Program Files (x86)\Windows Kits\10\Windows Performance Toolkit\;C:\Users\HP\AppData\Local\Programs\Python\Python312\Scripts\;C:\Users\HP\AppData\Local\Programs\Python\Python312\;C:\Users\HP\AppData\Local\Programs\Python\Launcher\;C:\Users\HP\AppData\Local\Microsoft\WindowsApps;;C:\Users\HP\AppData\Local\Programs\Microsoft VS Code\bin;C:\Users\HP\AppData\Roaming\npm;C:\Users\HP\AppData\Roaming\Composer\vendor\bin;C:\src\flutter\flutter\bin\mingit\cmd;C:\src\flutter\flutter\bin\mingit\cmd
USERNAME=HP
OS=Windows_NT
PROCESSOR_IDENTIFIER=AMD64 Family 23 Model 24 Stepping 1, AuthenticAMD
TMP=C:\Users\HP\AppData\Local\Temp
TEMP=C:\Users\HP\AppData\Local\Temp




Periodic native trim disabled

JNI global refs:
JNI global refs: 0, weak refs: 0

JNI global refs memory usage: 0, weak refs: 0

Process memory usage:
Resident Set Size: 11744K (0% of 3583736K total physical memory with 223996K free physical memory)

OOME stack traces (most recent first):
Classloader memory used:

---------------  S Y S T E M  ---------------

OS:
 Windows 11 , 64 bit Build 22621 (10.0.22621.5262)
OS uptime: 16 days 23:58 hours

CPU: total 2 (initial active 2) (2 cores per cpu, 1 threads per core) family 23 model 24 stepping 1 microcode 0x0, cx8, cmov, fxsr, mmx, 3dnowpref, sse, sse2, sse3, ssse3, sse4a, sse4.1, sse4.2, popcnt, lzcnt, tsc, tscinvbit, avx, avx2, aes, clmul, bmi1, bmi2, adx, sha, fma, vzeroupper, clflush, clflushopt, rdtscp, f16c
Processor Information for all 2 processors :
  Max Mhz: 2300, Current Mhz: 2300, Mhz Limit: 2300

Memory: 4k page, system-wide physical 3499M (218M free)
TotalPageFile size 14251M (AvailPageFile size 58M)
current process WorkingSet (physical memory assigned to process): 11M, peak: 11M
current process commit charge ("private bytes"): 47M, peak: 103M

vm_info: OpenJDK 64-Bit Server VM (21.0.5+-13047016-b750.29) for windows-amd64 JRE (21.0.5+-13047016-b750.29), built on 2025-02-11T21:12:39Z by "builder" with MS VC++ 16.10 / 16.11 (VS2019)

END.
